<?xml version="1.0" encoding="UTF-8"?>
<!-- Generated by org.testng.reporters.JUnitXMLReporter -->
<testsuite ignored="0" hostname="WSAMZN-81333EF7" failures="1" tests="1" name="Default test" time="7.246" errors="0" timestamp="2025-06-13T17:01:31 IST">
  <testcase classname="io.cucumber.testng.AbstractTestNGCucumberTests" name="runScenario" time="6.476">
    <failure type="io.cucumber.testng.UndefinedStepException" message="The step &amp;apos;user search for &amp;quot;tom&amp;quot; shortname in offer page to check product&amp;apos; is undefined.
You can implement this step using the snippet(s) below:

@Then(&amp;quot;user search for {string} shortname in offer page to check product&amp;quot;)
public void user_search_for_shortname_in_offer_page_to_check_product(String string) {
    // Write code here that turns the phrase above into concrete actions
    throw new io.cucumber.java.PendingException();
}
">
      <![CDATA[io.cucumber.testng.UndefinedStepException: The step 'user search for "tom" shortname in offer page to check product' is undefined.
You can implement this step using the snippet(s) below:

@Then("user search for {string} shortname in offer page to check product")
public void user_search_for_shortname_in_offer_page_to_check_product(String string) {
    // Write code here that turns the phrase above into concrete actions
    throw new io.cucumber.java.PendingException();
}

at âœ½.user search for "tom" shortname in offer page to check product(file:///D:/Users/Harika.Sankula/eclipse-workspace/Cucumber/src/test/java/Features/searchProduct.feature:7)
]]>
    </failure>
  </testcase> <!-- runScenario -->
</testsuite> <!-- Default test -->
