<?xml version="1.0" encoding="UTF-8"?>
<!-- Generated by org.testng.reporters.JUnitReportReporter -->
<testsuite hostname="WSAMZN-81333EF7" failures="0" tests="1" name="cucumberOptions.TestNGRunner" time="6.476" errors="1" timestamp="2025-06-13T17:01:31 IST" skipped="0">
  <testcase classname="cucumberOptions.TestNGRunner" name="runScenario" time="6.476">
    <error message="The step &#039;user search for &quot;tom&quot; shortname in offer page to check product&#039; is undefined.
You can implement this step using the snippet(s) below:

@Then(&quot;user search for {string} shortname in offer page to check product&quot;)
public void user_search_for_shortname_in_offer_page_to_check_product(String string) {
    // Write code here that turns the phrase above into concrete actions
    throw new io.cucumber.java.PendingException();
}
" type="io.cucumber.testng.UndefinedStepException">
      <![CDATA[io.cucumber.testng.UndefinedStepException: The step 'user search for "tom" shortname in offer page to check product' is undefined.
You can implement this step using the snippet(s) below:

@Then("user search for {string} shortname in offer page to check product")
public void user_search_for_shortname_in_offer_page_to_check_product(String string) {
    // Write code here that turns the phrase above into concrete actions
    throw new io.cucumber.java.PendingException();
}

at âœ½.user search for "tom" shortname in offer page to check product(file:///D:/Users/Harika.Sankula/eclipse-workspace/Cucumber/src/test/java/Features/searchProduct.feature:7)
]]>
    </error>
  </testcase> <!-- runScenario -->
</testsuite> <!-- cucumberOptions.TestNGRunner -->
